Log file open, 07/29/20 10:03:30
LogWindows: Failed to load 'aqProf.dll' (GetLastError=126)
LogWindows: File 'aqProf.dll' does not exist
LogWindows: Failed to load 'VtuneApi.dll' (GetLastError=126)
LogWindows: File 'VtuneApi.dll' does not exist
LogWindows: Failed to load 'VtuneApi32e.dll' (GetLastError=126)
LogWindows: File 'VtuneApi32e.dll' does not exist
LogConsoleResponse: Display: Failed to find resolution value strings in scalability ini. Falling back to default.
LogPakFile: Display: Found Pak file ../../../TheDotGame/Content/Paks/TheDotGame-WindowsNoEditor.pak attempting to mount.
LogPakFile: Display: Mounting pak file ../../../TheDotGame/Content/Paks/TheDotGame-WindowsNoEditor.pak.
LogPlatformFile: Not using cached read wrapper
LogTaskGraph: Started task graph with 5 named threads and 23 total threads with 3 sets of task threads.
LogStats: Stats thread started at 0.073616
LogICUInternationalization: ICU TimeZone Detection - Raw Offset: +1:00, Platform Override: ''
LogPluginManager: Mounting plugin Paper2D
LogPluginManager: Mounting plugin AISupport
LogPluginManager: Mounting plugin LightPropagationVolume
LogPluginManager: Mounting plugin AnimationSharing
LogPluginManager: Mounting plugin SignificanceManager
LogPluginManager: Mounting plugin UObjectPlugin
LogPluginManager: Mounting plugin AssetManagerEditor
LogPluginManager: Mounting plugin FacialAnimation
LogPluginManager: Mounting plugin DatasmithContent
LogPluginManager: Mounting plugin VariantManagerContent
LogPluginManager: Mounting plugin AlembicImporter
LogPluginManager: Mounting plugin GeometryCache
LogPluginManager: Mounting plugin AutomationUtils
LogPluginManager: Mounting plugin ScreenshotTools
LogPluginManager: Mounting plugin BackChannel
LogPluginManager: Mounting plugin CharacterAI
LogPluginManager: Mounting plugin PlatformCrypto
LogPluginManager: Mounting plugin AvfMedia
LogPluginManager: Mounting plugin ImgMedia
LogPluginManager: Mounting plugin MediaCompositing
LogPluginManager: Mounting plugin WmfMedia
LogPluginManager: Mounting plugin TcpMessaging
LogPluginManager: Mounting plugin UdpMessaging
LogPluginManager: Mounting plugin ActorSequence
LogPluginManager: Mounting plugin NetcodeUnitTest
LogPluginManager: Mounting plugin OnlineSubsystemNull
LogPluginManager: Mounting plugin OnlineSubsystem
LogPluginManager: Mounting plugin OnlineSubsystemUtils
LogPluginManager: Mounting plugin LauncherChunkInstaller
LogPluginManager: Mounting plugin AndroidPermission
LogPluginManager: Mounting plugin AppleImageUtils
LogPluginManager: Mounting plugin ArchVisCharacter
LogPluginManager: Mounting plugin AssetTags
LogPluginManager: Mounting plugin AudioCapture
LogPluginManager: Mounting plugin CableComponent
LogPluginManager: Mounting plugin CustomMeshComponent
LogPluginManager: Mounting plugin EditableMesh
LogPluginManager: Mounting plugin ExampleDeviceProfileSelector
LogPluginManager: Mounting plugin LocationServicesBPLibrary
LogPluginManager: Mounting plugin MobilePatchingUtils
LogPluginManager: Mounting plugin OculusVR
LogPluginManager: Mounting plugin ProceduralMeshComponent
LogPluginManager: Mounting plugin PhysXVehicles
LogPluginManager: Mounting plugin RuntimePhysXCooking
LogPluginManager: Mounting plugin SteamVR
LogPluginManager: Mounting plugin WindowsMoviePlayer
LogInit: Using libcurl 7.55.1-DEV
LogInit:  - built for i386-pc-win32
LogInit:  - supports SSL with OpenSSL/1.1.1
LogInit:  - supports HTTP deflate (compression) using libz 1.2.8
LogInit:  - other features:
LogInit:      CURL_VERSION_SSL
LogInit:      CURL_VERSION_LIBZ
LogInit:      CURL_VERSION_IPV6
LogInit:      CURL_VERSION_ASYNCHDNS
LogInit:      CURL_VERSION_LARGEFILE
LogInit:      CURL_VERSION_IDN
LogInit:  CurlRequestOptions (configurable via config and command line):
LogInit:  - bVerifyPeer = true  - Libcurl will verify peer certificate
LogInit:  - bUseHttpProxy = false  - Libcurl will NOT use HTTP proxy
LogInit:  - bDontReuseConnections = false  - Libcurl will reuse connections
LogInit:  - MaxHostConnections = 16  - Libcurl will limit the number of connections to a host
LogInit:  - LocalHostAddr = Default
LogInit:  - BufferSize = 65536
LogOnline: OSS: Creating online subsystem instance for: NULL
LogInit: WinSock: version 1.1 (2.2), MaxSocks=32767, MaxUdp=65467
LogOnline: OSS: TryLoadSubsystemAndSetDefault: Loaded subsystem for module [NULL]
LogInit: Build: ++UE4+Release-4.24-CL-11590370
LogInit: Engine Version: 4.24.3-11590370+++UE4+Release-4.24
LogInit: Compatible Engine Version: 4.24.0-10570792+++UE4+Release-4.24
LogInit: Net CL: 10570792
LogInit: OS: Windows 10 (Release 1903) (), CPU: Intel(R) Core(TM) i7-8565U CPU @ 1.80GHz, GPU: Intel(R) UHD Graphics 620
LogInit: Compiled (32-bit): Feb 24 2020 15:57:43
LogInit: Compiled with Visual C++: 19.16.27032.01
LogInit: Build Configuration: Development
LogInit: Branch Name: ++UE4+Release-4.24
LogInit: Command Line: 
LogInit: Base Directory: D:/Svenja/Unreal/VRiDays/TheDotGame/Build/WindowsNoEditor/TheDotGame/Binaries/Win32/
LogInit: Installed Engine Build: 0
LogDevObjectVersion: Number of dev versions registered: 25
LogDevObjectVersion:   Dev-Blueprints (B0D832E4-1F89-4F0D-ACCF-7EB736FD4AA2): 10
LogDevObjectVersion:   Dev-Build (E1C64328-A22C-4D53-A36C-8E866417BD8C): 0
LogDevObjectVersion:   Dev-Core (375EC13C-06E4-48FB-B500-84F0262A717E): 3
LogDevObjectVersion:   Dev-Editor (E4B068ED-F494-42E9-A231-DA0B2E46BB41): 37
LogDevObjectVersion:   Dev-Framework (CFFC743F-43B0-4480-9391-14DF171D2073): 36
LogDevObjectVersion:   Dev-Mobile (B02B49B5-BB20-44E9-A304-32B752E40360): 2
LogDevObjectVersion:   Dev-Networking (A4E4105C-59A1-49B5-A7C5-40C4547EDFEE): 0
LogDevObjectVersion:   Dev-Online (39C831C9-5AE6-47DC-9A44-9C173E1C8E7C): 0
LogDevObjectVersion:   Dev-Physics (78F01B33-EBEA-4F98-B9B4-84EACCB95AA2): 2
LogDevObjectVersion:   Dev-Platform (6631380F-2D4D-43E0-8009-CF276956A95A): 0
LogDevObjectVersion:   Dev-Rendering (12F88B9F-8875-4AFC-A67C-D90C383ABD29): 36
LogDevObjectVersion:   Dev-Sequencer (7B5AE74C-D270-4C10-A958-57980B212A5A): 11
LogDevObjectVersion:   Dev-VR (D7296918-1DD6-4BDD-9DE2-64A83CC13884): 2
LogDevObjectVersion:   Dev-LoadTimes (C2A15278-BFE7-4AFE-6C17-90FF531DF755): 1
LogDevObjectVersion:   Private-Geometry (6EACA3D4-40EC-4CC1-B786-8BED09428FC5): 3
LogDevObjectVersion:   Dev-AnimPhys (29E575DD-E0A3-4627-9D10-D276232CDCEA): 17
LogDevObjectVersion:   Dev-Anim (AF43A65D-7FD3-4947-9873-3E8ED9C1BB05): 2
LogDevObjectVersion:   Dev-ReflectionCapture (6B266CEC-1EC7-4B8F-A30B-E4D90942FC07): 1
LogDevObjectVersion:   Dev-Automation (0DF73D61-A23F-47EA-B727-89E90C41499A): 1
LogDevObjectVersion:   FortniteMain (601D1886-AC64-4F84-AA16-D3DE0DEAC7D6): 31
LogDevObjectVersion:   Dev-Enterprise (9DFFBCD6-494F-0158-E221-12823C92A888): 8
LogDevObjectVersion:   Dev-Niagara (F2AED0AC-9AFE-416F-8664-AA7FFA26D6FC): 1
LogDevObjectVersion:   Dev-Destruction (174F1F0B-B4C6-45A5-B13F-2EE8D0FB917D): 9
LogDevObjectVersion:   Dev-Physics-Ext (35F94A83-E258-406C-A318-09F59610247C): 8
LogDevObjectVersion:   Dev-CineCamera (B2E18506-4273-CFC2-A54E-F4BB758BBA07): 1
LogInit: Presizing for max 2097152 objects, including 1 objects not considered by GC, pre-allocating 0 bytes for permanent pool.
LogStreaming: Display: Async Loading initialized: Event Driven Loader: true, Async Loading Thread: false, Async Post Load: true
LogInit: Object subsystem initialized
LogConfig: Setting CVar [[con.DebugEarlyDefault:1]]
LogConfig: Setting CVar [[r.setres:1280x720]]
[2020.07.29-08.03.31:016][  0]LogConfig: Setting CVar [[con.DebugEarlyDefault:1]]
[2020.07.29-08.03.31:016][  0]LogConfig: Setting CVar [[r.setres:1280x720]]
[2020.07.29-08.03.31:016][  0]LogConfig: Applying CVar settings from Section [/Script/Engine.RendererSettings] File [../../../TheDotGame/Saved/Config/WindowsNoEditor/Engine.ini]
[2020.07.29-08.03.31:017][  0]LogConfig: Setting CVar [[r.GPUCrashDebugging:0]]
[2020.07.29-08.03.31:017][  0]LogConfig: Setting CVar [[r.MobileHDR:1]]
[2020.07.29-08.03.31:017][  0]LogConfig: Setting CVar [[r.Mobile.DisableVertexFog:1]]
[2020.07.29-08.03.31:017][  0]LogConfig: Setting CVar [[r.Shadow.CSM.MaxMobileCascades:2]]
[2020.07.29-08.03.31:017][  0]LogConfig: Setting CVar [[r.MobileMSAA:1]]
[2020.07.29-08.03.31:017][  0]LogConfig: Setting CVar [[r.Mobile.UseLegacyShadingModel:0]]
[2020.07.29-08.03.31:017][  0]LogConfig: Setting CVar [[r.Mobile.UseHWsRGBEncoding:0]]
[2020.07.29-08.03.31:017][  0]LogConfig: Setting CVar [[r.Mobile.AllowDitheredLODTransition:0]]
[2020.07.29-08.03.31:017][  0]LogConfig: Setting CVar [[r.Mobile.AllowSoftwareOcclusion:0]]
[2020.07.29-08.03.31:017][  0]LogConfig: Setting CVar [[r.DiscardUnusedQuality:0]]
[2020.07.29-08.03.31:017][  0]LogConfig: Setting CVar [[r.AllowOcclusionQueries:1]]
[2020.07.29-08.03.31:017][  0]LogConfig: Setting CVar [[r.MinScreenRadiusForLights:0.000000]]
[2020.07.29-08.03.31:017][  0]LogConfig: Setting CVar [[r.MinScreenRadiusForDepthPrepass:0.030000]]
[2020.07.29-08.03.31:017][  0]LogConfig: Setting CVar [[r.MinScreenRadiusForCSMDepth:0.010000]]
[2020.07.29-08.03.31:017][  0]LogConfig: Setting CVar [[r.PrecomputedVisibilityWarning:0]]
[2020.07.29-08.03.31:017][  0]LogConfig: Setting CVar [[r.TextureStreaming:1]]
[2020.07.29-08.03.31:017][  0]LogConfig: Setting CVar [[Compat.UseDXT5NormalMaps:0]]
[2020.07.29-08.03.31:017][  0]LogConfig: Setting CVar [[r.VirtualTextures:0]]
[2020.07.29-08.03.31:017][  0]LogConfig: Setting CVar [[r.VirtualTexturedLightmaps:0]]
[2020.07.29-08.03.31:017][  0]LogConfig: Setting CVar [[r.VT.TileSize:128]]
[2020.07.29-08.03.31:017][  0]LogConfig: Setting CVar [[r.VT.TileBorderSize:4]]
[2020.07.29-08.03.31:017][  0]LogConfig: Setting CVar [[r.vt.FeedbackFactor:16]]
[2020.07.29-08.03.31:017][  0]LogConfig: Setting CVar [[r.VT.EnableCompressZlib:1]]
[2020.07.29-08.03.31:017][  0]LogConfig: Setting CVar [[r.VT.EnableCompressCrunch:0]]
[2020.07.29-08.03.31:017][  0]LogConfig: Setting CVar [[r.ClearCoatNormal:0]]
[2020.07.29-08.03.31:018][  0]LogConfig: Setting CVar [[r.ReflectionCaptureResolution:128]]
[2020.07.29-08.03.31:018][  0]LogConfig: Setting CVar [[r.ReflectionEnvironmentLightmapMixBasedOnRoughness:1]]
[2020.07.29-08.03.31:018][  0]LogConfig: Setting CVar [[r.ForwardShading:0]]
[2020.07.29-08.03.31:018][  0]LogConfig: Setting CVar [[r.VertexFoggingForOpaque:1]]
[2020.07.29-08.03.31:018][  0]LogConfig: Setting CVar [[r.AllowStaticLighting:1]]
[2020.07.29-08.03.31:018][  0]LogConfig: Setting CVar [[r.NormalMapsForStaticLighting:0]]
[2020.07.29-08.03.31:018][  0]LogConfig: Setting CVar [[r.GenerateMeshDistanceFields:0]]
[2020.07.29-08.03.31:018][  0]LogConfig: Setting CVar [[r.DistanceFieldBuild.EightBit:0]]
[2020.07.29-08.03.31:018][  0]LogConfig: Setting CVar [[r.GenerateLandscapeGIData:0]]
[2020.07.29-08.03.31:018][  0]LogConfig: Setting CVar [[r.DistanceFieldBuild.Compress:0]]
[2020.07.29-08.03.31:018][  0]LogConfig: Setting CVar [[r.TessellationAdaptivePixelsPerTriangle:48.000000]]
[2020.07.29-08.03.31:018][  0]LogConfig: Setting CVar [[r.SeparateTranslucency:1]]
[2020.07.29-08.03.31:018][  0]LogConfig: Setting CVar [[r.TranslucentSortPolicy:0]]
[2020.07.29-08.03.31:018][  0]LogConfig: Setting CVar [[r.CustomDepth:1]]
[2020.07.29-08.03.31:018][  0]LogConfig: Setting CVar [[r.CustomDepthTemporalAAJitter:1]]
[2020.07.29-08.03.31:018][  0]LogConfig: Setting CVar [[r.PostProcessing.PropagateAlpha:0]]
[2020.07.29-08.03.31:018][  0]LogConfig: Setting CVar [[r.DefaultFeature.Bloom:1]]
[2020.07.29-08.03.31:018][  0]LogConfig: Setting CVar [[r.DefaultFeature.AmbientOcclusion:1]]
[2020.07.29-08.03.31:018][  0]LogConfig: Setting CVar [[r.DefaultFeature.AmbientOcclusionStaticFraction:1]]
[2020.07.29-08.03.31:018][  0]LogConfig: Setting CVar [[r.DefaultFeature.AutoExposure:0]]
[2020.07.29-08.03.31:018][  0]LogConfig: Setting CVar [[r.DefaultFeature.AutoExposure.Method:0]]
[2020.07.29-08.03.31:018][  0]LogConfig: Setting CVar [[r.DefaultFeature.AutoExposure.ExtendDefaultLuminanceRange:0]]
[2020.07.29-08.03.31:018][  0]LogConfig: Setting CVar [[r.UsePreExposure:1]]
[2020.07.29-08.03.31:018][  0]LogConfig: Setting CVar [[r.EyeAdaptation.EditorOnly:1]]
[2020.07.29-08.03.31:018][  0]LogConfig: Setting CVar [[r.DefaultFeature.MotionBlur:0]]
[2020.07.29-08.03.31:018][  0]LogConfig: Setting CVar [[r.DefaultFeature.LensFlare:0]]
[2020.07.29-08.03.31:019][  0]LogConfig: Setting CVar [[r.TemporalAA.Upsampling:0]]
[2020.07.29-08.03.31:019][  0]LogConfig: Setting CVar [[r.SSGI.Enable:0]]
[2020.07.29-08.03.31:019][  0]LogConfig: Setting CVar [[r.DefaultFeature.AntiAliasing:0]]
[2020.07.29-08.03.31:019][  0]LogConfig: Setting CVar [[r.DefaultFeature.LightUnits:1]]
[2020.07.29-08.03.31:019][  0]LogConfig: Setting CVar [[r.DefaultBackBufferPixelFormat:4]]
[2020.07.29-08.03.31:019][  0]LogConfig: Setting CVar [[r.Shadow.UnbuiltPreviewInGame:1]]
[2020.07.29-08.03.31:019][  0]LogConfig: Setting CVar [[r.StencilForLODDither:0]]
[2020.07.29-08.03.31:019][  0]LogConfig: Setting CVar [[r.EarlyZPass:3]]
[2020.07.29-08.03.31:020][  0]LogConfig: Setting CVar [[r.EarlyZPassOnlyMaterialMasking:0]]
[2020.07.29-08.03.31:020][  0]LogConfig: Setting CVar [[r.DBuffer:1]]
[2020.07.29-08.03.31:020][  0]LogConfig: Setting CVar [[r.ClearSceneMethod:1]]
[2020.07.29-08.03.31:020][  0]LogConfig: Setting CVar [[r.BasePassOutputsVelocity:0]]
[2020.07.29-08.03.31:020][  0]LogConfig: Setting CVar [[r.SelectiveBasePassOutputs:0]]
[2020.07.29-08.03.31:021][  0]LogConfig: Setting CVar [[fx.GPUSimulationTextureSizeX:1024]]
[2020.07.29-08.03.31:021][  0]LogConfig: Setting CVar [[fx.GPUSimulationTextureSizeY:1024]]
[2020.07.29-08.03.31:021][  0]LogConfig: Setting CVar [[r.AllowGlobalClipPlane:0]]
[2020.07.29-08.03.31:021][  0]LogConfig: Setting CVar [[r.GBufferFormat:1]]
[2020.07.29-08.03.31:021][  0]LogConfig: Setting CVar [[r.MorphTarget.Mode:1]]
[2020.07.29-08.03.31:021][  0]LogConfig: Setting CVar [[vr.InstancedStereo:0]]
[2020.07.29-08.03.31:021][  0]LogConfig: Setting CVar [[vr.MultiView:0]]
[2020.07.29-08.03.31:021][  0]LogConfig: Setting CVar [[vr.MobileMultiView:0]]
[2020.07.29-08.03.31:021][  0]LogConfig: Setting CVar [[vr.MobileMultiView.Direct:0]]
[2020.07.29-08.03.31:021][  0]LogConfig: Setting CVar [[vr.RoundRobinOcclusion:0]]
[2020.07.29-08.03.31:021][  0]LogConfig: Setting CVar [[vr.ODSCapture:0]]
[2020.07.29-08.03.31:021][  0]LogConfig: Setting CVar [[r.WireframeCullThreshold:5.000000]]
[2020.07.29-08.03.31:021][  0]LogConfig: Setting CVar [[r.RayTracing:0]]
[2020.07.29-08.03.31:021][  0]LogConfig: Setting CVar [[r.RayTracing.UseTextureLod:0]]
[2020.07.29-08.03.31:021][  0]LogConfig: Setting CVar [[r.SupportStationarySkylight:1]]
[2020.07.29-08.03.31:021][  0]LogConfig: Setting CVar [[r.SupportLowQualityLightmaps:1]]
[2020.07.29-08.03.31:021][  0]LogConfig: Setting CVar [[r.SupportPointLightWholeSceneShadows:1]]
[2020.07.29-08.03.31:022][  0]LogConfig: Setting CVar [[r.SupportAtmosphericFog:1]]
[2020.07.29-08.03.31:022][  0]LogConfig: Setting CVar [[r.SupportSkyAtmosphere:1]]
[2020.07.29-08.03.31:022][  0]LogConfig: Setting CVar [[r.SupportSkyAtmosphereAffectsHeightFog:0]]
[2020.07.29-08.03.31:022][  0]LogConfig: Setting CVar [[r.SkinCache.CompileShaders:0]]
[2020.07.29-08.03.31:022][  0]LogConfig: Setting CVar [[r.Mobile.EnableStaticAndCSMShadowReceivers:1]]
[2020.07.29-08.03.31:022][  0]LogConfig: Setting CVar [[r.Mobile.EnableMovableLightCSMShaderCulling:1]]
[2020.07.29-08.03.31:022][  0]LogConfig: Setting CVar [[r.Mobile.AllowDistanceFieldShadows:1]]
[2020.07.29-08.03.31:022][  0]LogConfig: Setting CVar [[r.Mobile.AllowMovableDirectionalLights:1]]
[2020.07.29-08.03.31:022][  0]LogConfig: Setting CVar [[r.MobileNumDynamicPointLights:4]]
[2020.07.29-08.03.31:022][  0]LogConfig: Setting CVar [[r.MobileDynamicPointLightsUseStaticBranch:1]]
[2020.07.29-08.03.31:022][  0]LogConfig: Setting CVar [[r.Mobile.EnableMovableSpotlights:0]]
[2020.07.29-08.03.31:022][  0]LogConfig: Setting CVar [[r.SkinCache.SceneMemoryLimitInMB:128.000000]]
[2020.07.29-08.03.31:022][  0]LogConfig: Setting CVar [[r.GPUSkin.Limit2BoneInfluences:0]]
[2020.07.29-08.03.31:022][  0]LogConfig: Setting CVar [[r.SupportDepthOnlyIndexBuffers:1]]
[2020.07.29-08.03.31:022][  0]LogConfig: Setting CVar [[r.SupportReversedIndexBuffers:1]]
[2020.07.29-08.03.31:022][  0]LogConfig: Setting CVar [[r.SupportMaterialLayers:0]]
[2020.07.29-08.03.31:022][  0]LogConfig: Setting CVar [[r.LightPropagationVolume:0]]
[2020.07.29-08.03.31:022][  0]LogConfig: Applying CVar settings from Section [/Script/Engine.RendererOverrideSettings] File [../../../TheDotGame/Saved/Config/WindowsNoEditor/Engine.ini]
[2020.07.29-08.03.31:023][  0]LogConfig: Applying CVar settings from Section [/Script/Engine.StreamingSettings] File [../../../TheDotGame/Saved/Config/WindowsNoEditor/Engine.ini]
[2020.07.29-08.03.31:023][  0]LogConfig: Setting CVar [[s.MinBulkDataSizeForAsyncLoading:131072]]
[2020.07.29-08.03.31:023][  0]LogConfig: Setting CVar [[s.AsyncLoadingThreadEnabled:0]]
[2020.07.29-08.03.31:023][  0]LogConfig: Setting CVar [[s.EventDrivenLoaderEnabled:1]]
[2020.07.29-08.03.31:023][  0]LogConfig: Setting CVar [[s.WarnIfTimeLimitExceeded:0]]
[2020.07.29-08.03.31:023][  0]LogConfig: Setting CVar [[s.TimeLimitExceededMultiplier:1.5]]
[2020.07.29-08.03.31:023][  0]LogConfig: Setting CVar [[s.TimeLimitExceededMinTime:0.005]]
[2020.07.29-08.03.31:023][  0]LogConfig: Setting CVar [[s.UseBackgroundLevelStreaming:1]]
[2020.07.29-08.03.31:023][  0]LogConfig: Setting CVar [[s.PriorityAsyncLoadingExtraTime:15.0]]
[2020.07.29-08.03.31:023][  0]LogConfig: Setting CVar [[s.LevelStreamingActorsUpdateTimeLimit:5.0]]
[2020.07.29-08.03.31:023][  0]LogConfig: Setting CVar [[s.PriorityLevelStreamingActorsUpdateExtraTime:5.0]]
[2020.07.29-08.03.31:023][  0]LogConfig: Setting CVar [[s.LevelStreamingComponentsRegistrationGranularity:10]]
[2020.07.29-08.03.31:023][  0]LogConfig: Setting CVar [[s.UnregisterComponentsTimeLimit:1.0]]
[2020.07.29-08.03.31:023][  0]LogConfig: Setting CVar [[s.LevelStreamingComponentsUnregistrationGranularity:5]]
[2020.07.29-08.03.31:023][  0]LogConfig: Setting CVar [[s.FlushStreamingOnExit:1]]
[2020.07.29-08.03.31:023][  0]LogConfig: Applying CVar settings from Section [/Script/Engine.GarbageCollectionSettings] File [../../../TheDotGame/Saved/Config/WindowsNoEditor/Engine.ini]
[2020.07.29-08.03.31:024][  0]LogConfig: Setting CVar [[gc.MaxObjectsNotConsideredByGC:1]]
[2020.07.29-08.03.31:024][  0]LogConfig: Setting CVar [[gc.SizeOfPermanentObjectPool:0]]
[2020.07.29-08.03.31:024][  0]LogConfig: Setting CVar [[gc.FlushStreamingOnGC:0]]
[2020.07.29-08.03.31:024][  0]LogConfig: Setting CVar [[gc.NumRetriesBeforeForcingGC:10]]
[2020.07.29-08.03.31:024][  0]LogConfig: Setting CVar [[gc.AllowParallelGC:1]]
[2020.07.29-08.03.31:024][  0]LogConfig: Setting CVar [[gc.TimeBetweenPurgingPendingKillObjects:61.1]]
[2020.07.29-08.03.31:024][  0]LogConfig: Setting CVar [[gc.MaxObjectsInEditor:25165824]]
[2020.07.29-08.03.31:024][  0]LogConfig: Setting CVar [[gc.IncrementalBeginDestroyEnabled:1]]
[2020.07.29-08.03.31:024][  0]LogConfig: Setting CVar [[gc.CreateGCClusters:1]]
[2020.07.29-08.03.31:024][  0]LogConfig: Setting CVar [[gc.MinGCClusterSize:5]]
[2020.07.29-08.03.31:024][  0]LogConfig: Setting CVar [[gc.ActorClusteringEnabled:0]]
[2020.07.29-08.03.31:024][  0]LogConfig: Setting CVar [[gc.BlueprintClusteringEnabled:0]]
[2020.07.29-08.03.31:024][  0]LogConfig: Setting CVar [[gc.UseDisregardForGCOnDedicatedServers:0]]
[2020.07.29-08.03.31:024][  0]LogConfig: Applying CVar settings from Section [/Script/Engine.NetworkSettings] File [../../../TheDotGame/Saved/Config/WindowsNoEditor/Engine.ini]
[2020.07.29-08.03.31:030][  0]LogConfig: Applying CVar settings from Section [ViewDistanceQuality@3] File [../../../TheDotGame/Saved/Config/WindowsNoEditor/Scalability.ini]
[2020.07.29-08.03.31:030][  0]LogConfig: Setting CVar [[r.SkeletalMeshLODBias:0]]
[2020.07.29-08.03.31:030][  0]LogConfig: Setting CVar [[r.ViewDistanceScale:1.0]]
[2020.07.29-08.03.31:030][  0]LogConfig: Applying CVar settings from Section [AntiAliasingQuality@3] File [../../../TheDotGame/Saved/Config/WindowsNoEditor/Scalability.ini]
[2020.07.29-08.03.31:030][  0]LogConfig: Setting CVar [[r.PostProcessAAQuality:4]]
[2020.07.29-08.03.31:030][  0]LogConfig: Applying CVar settings from Section [ShadowQuality@3] File [../../../TheDotGame/Saved/Config/WindowsNoEditor/Scalability.ini]
[2020.07.29-08.03.31:030][  0]LogConfig: Setting CVar [[r.LightFunctionQuality:1]]
[2020.07.29-08.03.31:030][  0]LogConfig: Setting CVar [[r.ShadowQuality:5]]
[2020.07.29-08.03.31:030][  0]LogConfig: Setting CVar [[r.Shadow.CSM.MaxCascades:10]]
[2020.07.29-08.03.31:030][  0]LogConfig: Setting CVar [[r.Shadow.MaxResolution:2048]]
[2020.07.29-08.03.31:030][  0]LogConfig: Setting CVar [[r.Shadow.MaxCSMResolution:2048]]
[2020.07.29-08.03.31:030][  0]LogConfig: Setting CVar [[r.Shadow.RadiusThreshold:0.01]]
[2020.07.29-08.03.31:030][  0]LogConfig: Setting CVar [[r.Shadow.DistanceScale:1.0]]
[2020.07.29-08.03.31:030][  0]LogConfig: Setting CVar [[r.Shadow.CSM.TransitionScale:1.0]]
[2020.07.29-08.03.31:030][  0]LogConfig: Setting CVar [[r.Shadow.PreShadowResolutionFactor:1.0]]
[2020.07.29-08.03.31:030][  0]LogConfig: Setting CVar [[r.DistanceFieldShadowing:1]]
[2020.07.29-08.03.31:030][  0]LogConfig: Setting CVar [[r.DistanceFieldAO:1]]
[2020.07.29-08.03.31:030][  0]LogConfig: Setting CVar [[r.AOQuality:2]]
[2020.07.29-08.03.31:030][  0]LogConfig: Setting CVar [[r.VolumetricFog:1]]
[2020.07.29-08.03.31:030][  0]LogConfig: Setting CVar [[r.VolumetricFog.GridPixelSize:8]]
[2020.07.29-08.03.31:031][  0]LogConfig: Setting CVar [[r.VolumetricFog.GridSizeZ:128]]
[2020.07.29-08.03.31:031][  0]LogConfig: Setting CVar [[r.VolumetricFog.HistoryMissSupersampleCount:4]]
[2020.07.29-08.03.31:031][  0]LogConfig: Setting CVar [[r.LightMaxDrawDistanceScale:1]]
[2020.07.29-08.03.31:031][  0]LogConfig: Setting CVar [[r.CapsuleShadows:1]]
[2020.07.29-08.03.31:031][  0]LogConfig: Applying CVar settings from Section [PostProcessQuality@3] File [../../../TheDotGame/Saved/Config/WindowsNoEditor/Scalability.ini]
[2020.07.29-08.03.31:031][  0]LogConfig: Setting CVar [[r.MotionBlurQuality:4]]
[2020.07.29-08.03.31:031][  0]LogConfig: Setting CVar [[r.AmbientOcclusionMipLevelFactor:0.4]]
[2020.07.29-08.03.31:031][  0]LogConfig: Setting CVar [[r.AmbientOcclusionMaxQuality:100]]
[2020.07.29-08.03.31:031][  0]LogConfig: Setting CVar [[r.AmbientOcclusionLevels:-1]]
[2020.07.29-08.03.31:031][  0]LogConfig: Setting CVar [[r.AmbientOcclusionRadiusScale:1.0]]
[2020.07.29-08.03.31:031][  0]LogConfig: Setting CVar [[r.DepthOfFieldQuality:2]]
[2020.07.29-08.03.31:031][  0]LogConfig: Setting CVar [[r.RenderTargetPoolMin:400]]
[2020.07.29-08.03.31:031][  0]LogConfig: Setting CVar [[r.LensFlareQuality:2]]
[2020.07.29-08.03.31:031][  0]LogConfig: Setting CVar [[r.SceneColorFringeQuality:1]]
[2020.07.29-08.03.31:031][  0]LogConfig: Setting CVar [[r.EyeAdaptationQuality:2]]
[2020.07.29-08.03.31:031][  0]LogConfig: Setting CVar [[r.BloomQuality:5]]
[2020.07.29-08.03.31:031][  0]LogConfig: Setting CVar [[r.FastBlurThreshold:100]]
[2020.07.29-08.03.31:031][  0]LogConfig: Setting CVar [[r.Upscale.Quality:3]]
[2020.07.29-08.03.31:031][  0]LogConfig: Setting CVar [[r.Tonemapper.GrainQuantization:1]]
[2020.07.29-08.03.31:031][  0]LogConfig: Setting CVar [[r.LightShaftQuality:1]]
[2020.07.29-08.03.31:031][  0]LogConfig: Setting CVar [[r.Filter.SizeScale:1]]
[2020.07.29-08.03.31:031][  0]LogConfig: Setting CVar [[r.Tonemapper.Quality:5]]
[2020.07.29-08.03.31:031][  0]LogConfig: Setting CVar [[r.DOF.Gather.AccumulatorQuality:1        ; higher gathering accumulator quality]]
[2020.07.29-08.03.31:031][  0]LogConfig: Setting CVar [[r.DOF.Gather.PostfilterMethod:1          ; Median3x3 postfilering method]]
[2020.07.29-08.03.31:031][  0]LogConfig: Setting CVar [[r.DOF.Gather.EnableBokehSettings:0       ; no bokeh simulation when gathering]]
[2020.07.29-08.03.31:031][  0]LogConfig: Setting CVar [[r.DOF.Gather.RingCount:4                 ; medium number of samples when gathering]]
[2020.07.29-08.03.31:031][  0]LogConfig: Setting CVar [[r.DOF.Scatter.ForegroundCompositing:1    ; additive foreground scattering]]
[2020.07.29-08.03.31:032][  0]LogConfig: Setting CVar [[r.DOF.Scatter.BackgroundCompositing:2    ; additive background scattering]]
[2020.07.29-08.03.31:032][  0]LogConfig: Setting CVar [[r.DOF.Scatter.EnableBokehSettings:1      ; bokeh simulation when scattering]]
[2020.07.29-08.03.31:032][  0]LogConfig: Setting CVar [[r.DOF.Scatter.MaxSpriteRatio:0.1         ; only a maximum of 10% of scattered bokeh]]
[2020.07.29-08.03.31:032][  0]LogConfig: Setting CVar [[r.DOF.Recombine.Quality:1                ; cheap slight out of focus]]
[2020.07.29-08.03.31:032][  0]LogConfig: Setting CVar [[r.DOF.Recombine.EnableBokehSettings:0    ; no bokeh simulation on slight out of focus]]
[2020.07.29-08.03.31:032][  0]LogConfig: Setting CVar [[r.DOF.TemporalAAQuality:1                ; more stable temporal accumulation]]
[2020.07.29-08.03.31:032][  0]LogConfig: Setting CVar [[r.DOF.Kernel.MaxForegroundRadius:0.025]]
[2020.07.29-08.03.31:032][  0]LogConfig: Setting CVar [[r.DOF.Kernel.MaxBackgroundRadius:0.025]]
[2020.07.29-08.03.31:032][  0]LogConfig: Applying CVar settings from Section [TextureQuality@3] File [../../../TheDotGame/Saved/Config/WindowsNoEditor/Scalability.ini]
[2020.07.29-08.03.31:032][  0]LogConfig: Setting CVar [[r.Streaming.MipBias:0]]
[2020.07.29-08.03.31:032][  0]LogConfig: Setting CVar [[r.Streaming.AmortizeCPUToGPUCopy:0]]
[2020.07.29-08.03.31:032][  0]LogConfig: Setting CVar [[r.Streaming.MaxNumTexturesToStreamPerFrame:0]]
[2020.07.29-08.03.31:032][  0]LogConfig: Setting CVar [[r.Streaming.Boost:1]]
[2020.07.29-08.03.31:032][  0]LogConfig: Setting CVar [[r.MaxAnisotropy:8]]
[2020.07.29-08.03.31:032][  0]LogConfig: Setting CVar [[r.VT.MaxAnisotropy:8]]
[2020.07.29-08.03.31:032][  0]LogConfig: Setting CVar [[r.Streaming.LimitPoolSizeToVRAM:0]]
[2020.07.29-08.03.31:032][  0]LogConfig: Setting CVar [[r.Streaming.PoolSize:1000]]
[2020.07.29-08.03.31:032][  0]LogConfig: Setting CVar [[r.Streaming.MaxEffectiveScreenSize:0]]
[2020.07.29-08.03.31:032][  0]LogConfig: Applying CVar settings from Section [EffectsQuality@3] File [../../../TheDotGame/Saved/Config/WindowsNoEditor/Scalability.ini]
[2020.07.29-08.03.31:032][  0]LogConfig: Setting CVar [[r.TranslucencyLightingVolumeDim:64]]
[2020.07.29-08.03.31:032][  0]LogConfig: Setting CVar [[r.RefractionQuality:2]]
[2020.07.29-08.03.31:032][  0]LogConfig: Setting CVar [[r.SSR.Quality:3]]
[2020.07.29-08.03.31:032][  0]LogConfig: Setting CVar [[r.SSR.HalfResSceneColor:0]]
[2020.07.29-08.03.31:032][  0]LogConfig: Setting CVar [[r.SceneColorFormat:4]]
[2020.07.29-08.03.31:032][  0]LogConfig: Setting CVar [[r.DetailMode:2]]
[2020.07.29-08.03.31:032][  0]LogConfig: Setting CVar [[r.TranslucencyVolumeBlur:1]]
[2020.07.29-08.03.31:033][  0]LogConfig: Setting CVar [[r.MaterialQualityLevel:1 ; High quality]]
[2020.07.29-08.03.31:033][  0]LogConfig: Setting CVar [[r.SSS.Scale:1]]
[2020.07.29-08.03.31:033][  0]LogConfig: Setting CVar [[r.SSS.SampleSet:2]]
[2020.07.29-08.03.31:033][  0]LogConfig: Setting CVar [[r.SSS.Quality:1]]
[2020.07.29-08.03.31:033][  0]LogConfig: Setting CVar [[r.SSS.HalfRes:1]]
[2020.07.29-08.03.31:033][  0]LogConfig: Setting CVar [[r.SSGI.Quality:3]]
[2020.07.29-08.03.31:033][  0]LogConfig: Setting CVar [[r.EmitterSpawnRateScale:1.0]]
[2020.07.29-08.03.31:033][  0]LogConfig: Setting CVar [[r.ParticleLightQuality:2]]
[2020.07.29-08.03.31:033][  0]LogConfig: Setting CVar [[r.SkyAtmosphere.AerialPerspectiveLUT.FastApplyOnOpaque:1 ; Always have FastSkyLUT 1 in this case to avoid wrong sky]]
[2020.07.29-08.03.31:033][  0]LogConfig: Setting CVar [[r.SkyAtmosphere.AerialPerspectiveLUT.SampleCountPerSlice:1]]
[2020.07.29-08.03.31:033][  0]LogConfig: Setting CVar [[r.SkyAtmosphere.AerialPerspectiveLUT.DepthResolution:16.0]]
[2020.07.29-08.03.31:033][  0]LogConfig: Setting CVar [[r.SkyAtmosphere.FastSkyLUT:1]]
[2020.07.29-08.03.31:033][  0]LogConfig: Setting CVar [[r.SkyAtmosphere.FastSkyLUT.SampleCountMin:4.0]]
[2020.07.29-08.03.31:033][  0]LogConfig: Setting CVar [[r.SkyAtmosphere.FastSkyLUT.SampleCountMax:32.0]]
[2020.07.29-08.03.31:033][  0]LogConfig: Setting CVar [[r.SkyAtmosphere.SampleCountMin:4.0]]
[2020.07.29-08.03.31:033][  0]LogConfig: Setting CVar [[r.SkyAtmosphere.SampleCountMax:32.0]]
[2020.07.29-08.03.31:033][  0]LogConfig: Setting CVar [[r.SkyAtmosphere.TransmittanceLUT.UseSmallFormat:0]]
[2020.07.29-08.03.31:033][  0]LogConfig: Setting CVar [[r.SkyAtmosphere.TransmittanceLUT.SampleCount:10.0]]
[2020.07.29-08.03.31:033][  0]LogConfig: Setting CVar [[r.SkyAtmosphere.MultiScatteringLUT.SampleCount:15.0]]
[2020.07.29-08.03.31:033][  0]LogConfig: Applying CVar settings from Section [FoliageQuality@3] File [../../../TheDotGame/Saved/Config/WindowsNoEditor/Scalability.ini]
[2020.07.29-08.03.31:033][  0]LogConfig: Setting CVar [[foliage.DensityScale:1.0]]
[2020.07.29-08.03.31:033][  0]LogConfig: Setting CVar [[grass.DensityScale:1.0]]
[2020.07.29-08.03.31:033][  0]LogConfig: Applying CVar settings from Section [ShadingQuality@3] File [../../../TheDotGame/Saved/Config/WindowsNoEditor/Scalability.ini]
[2020.07.29-08.03.31:033][  0]LogConfig: Setting CVar [[r.HairStrands.SkyLighting.SampleCount:16]]
[2020.07.29-08.03.31:033][  0]LogConfig: Setting CVar [[r.HairStrands.SkyLighting.JitterIntegration:0]]
[2020.07.29-08.03.31:033][  0]LogConfig: Setting CVar [[r.HairStrands.SkyAO.SampleCount:16]]
[2020.07.29-08.03.31:034][  0]LogInit: Selected Device Profile: [WindowsNoEditor]
[2020.07.29-08.03.31:034][  0]LogInit: Applying CVar settings loaded from the selected device profile: [WindowsNoEditor]
[2020.07.29-08.03.31:038][  0]LogHAL: Display: Platform has ~ 16 GB [17019510784 / 17179869184 / 16], which maps to Larger [LargestMinGB=32, LargerMinGB=12, DefaultMinGB=8, SmallerMinGB=6, SmallestMinGB=0)
[2020.07.29-08.03.31:038][  0]LogInit: Going up to parent DeviceProfile [Windows]
[2020.07.29-08.03.31:038][  0]LogInit: Going up to parent DeviceProfile []
[2020.07.29-08.03.31:038][  0]LogConfig: Applying CVar settings from Section [ViewDistanceQuality@3] File [../../../TheDotGame/Saved/Config/WindowsNoEditor/Scalability.ini]
[2020.07.29-08.03.31:038][  0]LogConfig: Setting CVar [[r.SkeletalMeshLODBias:0]]
[2020.07.29-08.03.31:038][  0]LogConfig: Setting CVar [[r.ViewDistanceScale:1.0]]
[2020.07.29-08.03.31:038][  0]LogConfig: Applying CVar settings from Section [AntiAliasingQuality@3] File [../../../TheDotGame/Saved/Config/WindowsNoEditor/Scalability.ini]
[2020.07.29-08.03.31:038][  0]LogConfig: Setting CVar [[r.PostProcessAAQuality:4]]
[2020.07.29-08.03.31:039][  0]LogConfig: Applying CVar settings from Section [ShadowQuality@3] File [../../../TheDotGame/Saved/Config/WindowsNoEditor/Scalability.ini]
[2020.07.29-08.03.31:039][  0]LogConfig: Setting CVar [[r.LightFunctionQuality:1]]
[2020.07.29-08.03.31:039][  0]LogConfig: Setting CVar [[r.ShadowQuality:5]]
[2020.07.29-08.03.31:039][  0]LogConfig: Setting CVar [[r.Shadow.CSM.MaxCascades:10]]
[2020.07.29-08.03.31:039][  0]LogConfig: Setting CVar [[r.Shadow.MaxResolution:2048]]
[2020.07.29-08.03.31:039][  0]LogConfig: Setting CVar [[r.Shadow.MaxCSMResolution:2048]]
[2020.07.29-08.03.31:039][  0]LogConfig: Setting CVar [[r.Shadow.RadiusThreshold:0.01]]
[2020.07.29-08.03.31:039][  0]LogConfig: Setting CVar [[r.Shadow.DistanceScale:1.0]]
[2020.07.29-08.03.31:039][  0]LogConfig: Setting CVar [[r.Shadow.CSM.TransitionScale:1.0]]
[2020.07.29-08.03.31:039][  0]LogConfig: Setting CVar [[r.Shadow.PreShadowResolutionFactor:1.0]]
[2020.07.29-08.03.31:039][  0]LogConfig: Setting CVar [[r.DistanceFieldShadowing:1]]
[2020.07.29-08.03.31:039][  0]LogConfig: Setting CVar [[r.DistanceFieldAO:1]]
[2020.07.29-08.03.31:039][  0]LogConfig: Setting CVar [[r.AOQuality:2]]
[2020.07.29-08.03.31:039][  0]LogConfig: Setting CVar [[r.VolumetricFog:1]]
[2020.07.29-08.03.31:039][  0]LogConfig: Setting CVar [[r.VolumetricFog.GridPixelSize:8]]
[2020.07.29-08.03.31:039][  0]LogConfig: Setting CVar [[r.VolumetricFog.GridSizeZ:128]]
[2020.07.29-08.03.31:039][  0]LogConfig: Setting CVar [[r.VolumetricFog.HistoryMissSupersampleCount:4]]
[2020.07.29-08.03.31:039][  0]LogConfig: Setting CVar [[r.LightMaxDrawDistanceScale:1]]
[2020.07.29-08.03.31:039][  0]LogConfig: Setting CVar [[r.CapsuleShadows:1]]
[2020.07.29-08.03.31:039][  0]LogConfig: Applying CVar settings from Section [PostProcessQuality@3] File [../../../TheDotGame/Saved/Config/WindowsNoEditor/Scalability.ini]
[2020.07.29-08.03.31:039][  0]LogConfig: Setting CVar [[r.MotionBlurQuality:4]]
[2020.07.29-08.03.31:039][  0]LogConfig: Setting CVar [[r.AmbientOcclusionMipLevelFactor:0.4]]
[2020.07.29-08.03.31:039][  0]LogConfig: Setting CVar [[r.AmbientOcclusionMaxQuality:100]]
[2020.07.29-08.03.31:039][  0]LogConfig: Setting CVar [[r.AmbientOcclusionLevels:-1]]
[2020.07.29-08.03.31:040][  0]LogConfig: Setting CVar [[r.AmbientOcclusionRadiusScale:1.0]]
[2020.07.29-08.03.31:040][  0]LogConfig: Setting CVar [[r.DepthOfFieldQuality:2]]
[2020.07.29-08.03.31:040][  0]LogConfig: Setting CVar [[r.RenderTargetPoolMin:400]]
[2020.07.29-08.03.31:040][  0]LogConfig: Setting CVar [[r.LensFlareQuality:2]]
[2020.07.29-08.03.31:040][  0]LogConfig: Setting CVar [[r.SceneColorFringeQuality:1]]
[2020.07.29-08.03.31:040][  0]LogConfig: Setting CVar [[r.EyeAdaptationQuality:2]]
[2020.07.29-08.03.31:040][  0]LogConfig: Setting CVar [[r.BloomQuality:5]]
[2020.07.29-08.03.31:040][  0]LogConfig: Setting CVar [[r.FastBlurThreshold:100]]
[2020.07.29-08.03.31:040][  0]LogConfig: Setting CVar [[r.Upscale.Quality:3]]
[2020.07.29-08.03.31:040][  0]LogConfig: Setting CVar [[r.Tonemapper.GrainQuantization:1]]
[2020.07.29-08.03.31:040][  0]LogConfig: Setting CVar [[r.LightShaftQuality:1]]
[2020.07.29-08.03.31:040][  0]LogConfig: Setting CVar [[r.Filter.SizeScale:1]]
[2020.07.29-08.03.31:040][  0]LogConfig: Setting CVar [[r.Tonemapper.Quality:5]]
[2020.07.29-08.03.31:040][  0]LogConfig: Setting CVar [[r.DOF.Gather.AccumulatorQuality:1        ; higher gathering accumulator quality]]
[2020.07.29-08.03.31:040][  0]LogConfig: Setting CVar [[r.DOF.Gather.PostfilterMethod:1          ; Median3x3 postfilering method]]
[2020.07.29-08.03.31:040][  0]LogConfig: Setting CVar [[r.DOF.Gather.EnableBokehSettings:0       ; no bokeh simulation when gathering]]
[2020.07.29-08.03.31:040][  0]LogConfig: Setting CVar [[r.DOF.Gather.RingCount:4                 ; medium number of samples when gathering]]
[2020.07.29-08.03.31:040][  0]LogConfig: Setting CVar [[r.DOF.Scatter.ForegroundCompositing:1    ; additive foreground scattering]]
[2020.07.29-08.03.31:040][  0]LogConfig: Setting CVar [[r.DOF.Scatter.BackgroundCompositing:2    ; additive background scattering]]
[2020.07.29-08.03.31:040][  0]LogConfig: Setting CVar [[r.DOF.Scatter.EnableBokehSettings:1      ; bokeh simulation when scattering]]
[2020.07.29-08.03.31:040][  0]LogConfig: Setting CVar [[r.DOF.Scatter.MaxSpriteRatio:0.1         ; only a maximum of 10% of scattered bokeh]]
[2020.07.29-08.03.31:040][  0]LogConfig: Setting CVar [[r.DOF.Recombine.Quality:1                ; cheap slight out of focus]]
[2020.07.29-08.03.31:040][  0]LogConfig: Setting CVar [[r.DOF.Recombine.EnableBokehSettings:0    ; no bokeh simulation on slight out of focus]]
[2020.07.29-08.03.31:040][  0]LogConfig: Setting CVar [[r.DOF.TemporalAAQuality:1                ; more stable temporal accumulation]]
[2020.07.29-08.03.31:040][  0]LogConfig: Setting CVar [[r.DOF.Kernel.MaxForegroundRadius:0.025]]
[2020.07.29-08.03.31:041][  0]LogConfig: Setting CVar [[r.DOF.Kernel.MaxBackgroundRadius:0.025]]
[2020.07.29-08.03.31:041][  0]LogConfig: Applying CVar settings from Section [TextureQuality@3] File [../../../TheDotGame/Saved/Config/WindowsNoEditor/Scalability.ini]
[2020.07.29-08.03.31:041][  0]LogConfig: Setting CVar [[r.Streaming.MipBias:0]]
[2020.07.29-08.03.31:041][  0]LogConfig: Setting CVar [[r.Streaming.AmortizeCPUToGPUCopy:0]]
[2020.07.29-08.03.31:041][  0]LogConfig: Setting CVar [[r.Streaming.MaxNumTexturesToStreamPerFrame:0]]
[2020.07.29-08.03.31:041][  0]LogConfig: Setting CVar [[r.Streaming.Boost:1]]
[2020.07.29-08.03.31:041][  0]LogConfig: Setting CVar [[r.MaxAnisotropy:8]]
[2020.07.29-08.03.31:041][  0]LogConfig: Setting CVar [[r.VT.MaxAnisotropy:8]]
[2020.07.29-08.03.31:041][  0]LogConfig: Setting CVar [[r.Streaming.LimitPoolSizeToVRAM:0]]
[2020.07.29-08.03.31:041][  0]LogConfig: Setting CVar [[r.Streaming.PoolSize:1000]]
[2020.07.29-08.03.31:041][  0]LogConfig: Setting CVar [[r.Streaming.MaxEffectiveScreenSize:0]]
[2020.07.29-08.03.31:041][  0]LogConfig: Applying CVar settings from Section [EffectsQuality@3] File [../../../TheDotGame/Saved/Config/WindowsNoEditor/Scalability.ini]
[2020.07.29-08.03.31:041][  0]LogConfig: Setting CVar [[r.TranslucencyLightingVolumeDim:64]]
[2020.07.29-08.03.31:041][  0]LogConfig: Setting CVar [[r.RefractionQuality:2]]
[2020.07.29-08.03.31:041][  0]LogConfig: Setting CVar [[r.SSR.Quality:3]]
[2020.07.29-08.03.31:041][  0]LogConfig: Setting CVar [[r.SSR.HalfResSceneColor:0]]
[2020.07.29-08.03.31:041][  0]LogConfig: Setting CVar [[r.SceneColorFormat:4]]
[2020.07.29-08.03.31:041][  0]LogConfig: Setting CVar [[r.DetailMode:2]]
[2020.07.29-08.03.31:041][  0]LogConfig: Setting CVar [[r.TranslucencyVolumeBlur:1]]
[2020.07.29-08.03.31:041][  0]LogConfig: Setting CVar [[r.MaterialQualityLevel:1 ; High quality]]
[2020.07.29-08.03.31:041][  0]LogConfig: Setting CVar [[r.SSS.Scale:1]]
[2020.07.29-08.03.31:041][  0]LogConfig: Setting CVar [[r.SSS.SampleSet:2]]
[2020.07.29-08.03.31:041][  0]LogConfig: Setting CVar [[r.SSS.Quality:1]]
[2020.07.29-08.03.31:042][  0]LogConfig: Setting CVar [[r.SSS.HalfRes:1]]
[2020.07.29-08.03.31:042][  0]LogConfig: Setting CVar [[r.SSGI.Quality:3]]
[2020.07.29-08.03.31:042][  0]LogConfig: Setting CVar [[r.EmitterSpawnRateScale:1.0]]
[2020.07.29-08.03.31:042][  0]LogConfig: Setting CVar [[r.ParticleLightQuality:2]]
[2020.07.29-08.03.31:042][  0]LogConfig: Setting CVar [[r.SkyAtmosphere.AerialPerspectiveLUT.FastApplyOnOpaque:1 ; Always have FastSkyLUT 1 in this case to avoid wrong sky]]
[2020.07.29-08.03.31:042][  0]LogConfig: Setting CVar [[r.SkyAtmosphere.AerialPerspectiveLUT.SampleCountPerSlice:1]]
[2020.07.29-08.03.31:042][  0]LogConfig: Setting CVar [[r.SkyAtmosphere.AerialPerspectiveLUT.DepthResolution:16.0]]
[2020.07.29-08.03.31:042][  0]LogConfig: Setting CVar [[r.SkyAtmosphere.FastSkyLUT:1]]
[2020.07.29-08.03.31:042][  0]LogConfig: Setting CVar [[r.SkyAtmosphere.FastSkyLUT.SampleCountMin:4.0]]
[2020.07.29-08.03.31:042][  0]LogConfig: Setting CVar [[r.SkyAtmosphere.FastSkyLUT.SampleCountMax:32.0]]
[2020.07.29-08.03.31:042][  0]LogConfig: Setting CVar [[r.SkyAtmosphere.SampleCountMin:4.0]]
[2020.07.29-08.03.31:042][  0]LogConfig: Setting CVar [[r.SkyAtmosphere.SampleCountMax:32.0]]
[2020.07.29-08.03.31:042][  0]LogConfig: Setting CVar [[r.SkyAtmosphere.TransmittanceLUT.UseSmallFormat:0]]
[2020.07.29-08.03.31:042][  0]LogConfig: Setting CVar [[r.SkyAtmosphere.TransmittanceLUT.SampleCount:10.0]]
[2020.07.29-08.03.31:042][  0]LogConfig: Setting CVar [[r.SkyAtmosphere.MultiScatteringLUT.SampleCount:15.0]]
[2020.07.29-08.03.31:042][  0]LogConfig: Applying CVar settings from Section [FoliageQuality@3] File [../../../TheDotGame/Saved/Config/WindowsNoEditor/Scalability.ini]
[2020.07.29-08.03.31:043][  0]LogConfig: Setting CVar [[foliage.DensityScale:1.0]]
[2020.07.29-08.03.31:043][  0]LogConfig: Setting CVar [[grass.DensityScale:1.0]]
[2020.07.29-08.03.31:043][  0]LogConfig: Applying CVar settings from Section [ShadingQuality@3] File [../../../TheDotGame/Saved/Config/WindowsNoEditor/Scalability.ini]
[2020.07.29-08.03.31:043][  0]LogConfig: Setting CVar [[r.HairStrands.SkyLighting.SampleCount:16]]
[2020.07.29-08.03.31:043][  0]LogConfig: Setting CVar [[r.HairStrands.SkyLighting.JitterIntegration:0]]
[2020.07.29-08.03.31:043][  0]LogConfig: Setting CVar [[r.HairStrands.SkyAO.SampleCount:16]]
[2020.07.29-08.03.31:043][  0]LogConfig: Applying CVar settings from Section [Startup] File [../../../Engine/Config/ConsoleVariables.ini]
[2020.07.29-08.03.31:043][  0]LogConfig: Setting CVar [[net.UseAdaptiveNetUpdateFrequency:0]]
[2020.07.29-08.03.31:043][  0]LogConfig: Setting CVar [[p.chaos.AllowCreatePhysxBodies:1]]
[2020.07.29-08.03.31:043][  0]LogConfig: Applying CVar settings from Section [ConsoleVariables] File [../../../TheDotGame/Saved/Config/WindowsNoEditor/Engine.ini]
[2020.07.29-08.03.31:044][  0]LogInit: Computer: DESKTOP-QB3U4MD
[2020.07.29-08.03.31:044][  0]LogInit: User: Svenja
[2020.07.29-08.03.31:044][  0]LogInit: CPU Page size=4096, Cores=4
[2020.07.29-08.03.31:044][  0]LogInit: High frequency timer resolution =10.000000 MHz
[2020.07.29-08.03.31:044][  0]LogMemory: Memory total: Physical=15.9GB (16GB approx) Virtual=4.0GB
[2020.07.29-08.03.31:044][  0]LogMemory: Platform Memory Stats for WindowsNoEditor
[2020.07.29-08.03.31:044][  0]LogMemory: Process Physical Memory: 48.36 MB used, 48.37 MB peak
[2020.07.29-08.03.31:044][  0]LogMemory: Process Virtual Memory: 64.43 MB used, 64.43 MB peak
[2020.07.29-08.03.31:044][  0]LogMemory: Physical Memory: 10382.47 MB used,  5848.60 MB free, 16231.07 MB total
[2020.07.29-08.03.31:044][  0]LogMemory: Virtual Memory: 741.76 MB used,  3354.12 MB free, 4095.88 MB total
[2020.07.29-08.03.31:075][  0]LogWindows: WindowsPlatformFeatures enabled
[2020.07.29-08.03.31:141][  0]LogInit: Using OS detected language (de-DE).
[2020.07.29-08.03.31:141][  0]LogInit: Using OS detected locale (de-DE).
[2020.07.29-08.03.31:141][  0]LogTextLocalizationManager: No localization for 'de-DE' exists, so 'en' will be used for the language.
[2020.07.29-08.03.31:141][  0]LogTextLocalizationManager: No localization for 'de-DE' exists, so 'en' will be used for the locale.
[2020.07.29-08.03.31:191][  0]LogSlate: New Slate User Created.  User Index 0, Is Virtual User: 0
[2020.07.29-08.03.31:191][  0]LogSlate: Slate User Registered.  User Index 0, Is Virtual User: 0
[2020.07.29-08.03.31:224][  0]LogHMD: Failed to initialize OpenVR with code 110
[2020.07.29-08.03.31:224][  0]LogD3D11RHI: D3D11 min allowed feature level: 11_0
[2020.07.29-08.03.31:224][  0]LogD3D11RHI: D3D11 max allowed feature level: 11_0
[2020.07.29-08.03.31:224][  0]LogD3D11RHI: D3D11 adapters:
[2020.07.29-08.03.31:435][  0]LogD3D11RHI:    0. 'Intel(R) UHD Graphics 620' (Feature Level 11_0)
[2020.07.29-08.03.31:435][  0]LogD3D11RHI:       128/0/3967 MB DedicatedVideo/DedicatedSystem/SharedSystem, Outputs:1, VendorId:0x8086
[2020.07.29-08.03.31:640][  0]LogD3D11RHI:    1. 'AMD Radeon Pro WX 2100 Graphics' (Feature Level 11_0)
[2020.07.29-08.03.31:640][  0]LogD3D11RHI:       2031/0/2064 MB DedicatedVideo/DedicatedSystem/SharedSystem, Outputs:0, VendorId:0x1002
[2020.07.29-08.03.31:654][  0]LogD3D11RHI:    2. 'Microsoft Basic Render Driver' (Feature Level 11_0)
[2020.07.29-08.03.31:654][  0]LogD3D11RHI:       0/0/4095 MB DedicatedVideo/DedicatedSystem/SharedSystem, Outputs:0, VendorId:0x1414
[2020.07.29-08.03.31:654][  0]LogD3D11RHI: Chosen D3D11 Adapter: 1
[2020.07.29-08.03.31:665][  0]LogD3D11RHI: Creating new Direct3DDevice
[2020.07.29-08.03.31:665][  0]LogD3D11RHI:     GPU DeviceId: 0x6985 (for the marketing name, search the web for "GPU Device Id")
[2020.07.29-08.03.31:665][  0]LogWindows: EnumDisplayDevices:
[2020.07.29-08.03.31:665][  0]LogWindows:    0. 'Intel(R) UHD Graphics 620' (P:1 D:1)
[2020.07.29-08.03.31:665][  0]LogWindows:    1. 'Intel(R) UHD Graphics 620' (P:0 D:0)
[2020.07.29-08.03.31:666][  0]LogWindows:    2. 'Intel(R) UHD Graphics 620' (P:0 D:0)
[2020.07.29-08.03.31:666][  0]LogWindows: DebugString: PrimaryIsNotTheChoosenAdapter PrimaryIsNotTheChoosenAdapter PrimaryIsNotTheChoosenAdapter FoundDriverCount:0 
[2020.07.29-08.03.31:666][  0]LogD3D11RHI:     Adapter Name: AMD Radeon Pro WX 2100 Graphics
[2020.07.29-08.03.31:666][  0]LogD3D11RHI:   Driver Version: Unknown (internal:Unknown, unified:Unknown)
[2020.07.29-08.03.31:666][  0]LogD3D11RHI:      Driver Date: Unknown
[2020.07.29-08.03.31:666][  0]LogRHI: Texture pool is 716 MB (70% of 1024 MB)
[2020.07.29-08.03.31:846][  0]LogD3D11RHI: RHI does not have support for 64 bit atomics
[2020.07.29-08.03.31:846][  0]LogD3D11RHI: Async texture creation enabled
[2020.07.29-08.03.31:860][  0]LogD3D11RHI: GPU Timing Frequency: 25.000000 (Debug: 2 1)
[2020.07.29-08.03.31:907][  0]LogMaterial: Verifying Global Shaders for PCD3D_SM5
[2020.07.29-08.03.31:917][  0]LogSlate: Using FreeType 2.10.0
[2020.07.29-08.03.31:919][  0]LogSlate: SlateFontServices - WITH_FREETYPE: 1, WITH_HARFBUZZ: 1
[2020.07.29-08.03.32:204][  0]LogInit: Using OS detected language (de-DE).
[2020.07.29-08.03.32:204][  0]LogInit: Using OS detected locale (de-DE).
[2020.07.29-08.03.32:204][  0]LogTextLocalizationManager: No localization for 'de-DE' exists, so 'en' will be used for the language.
[2020.07.29-08.03.32:204][  0]LogTextLocalizationManager: No localization for 'de-DE' exists, so 'en' will be used for the locale.
[2020.07.29-08.03.32:205][  0]LogTextLocalizationManager: Compacting localization data took   0.57ms
[2020.07.29-08.03.32:211][  0]LogAssetRegistry: FAssetRegistry took 0.0050 seconds to start up
[2020.07.29-08.03.32:394][  0]LogStreaming: Display: Flushing async loaders.
[2020.07.29-08.03.32:395][  0]LogPackageLocalizationCache: Processed 8 localized package path(s) for 1 prioritized culture(s) in 0.000097 seconds
[2020.07.29-08.03.32:395][  0]LogPakFile: New pak file ../../../TheDotGame/Content/Paks/TheDotGame-WindowsNoEditor.pak added to pak precacher.
[2020.07.29-08.03.32:402][  0]LogInit: Selected Device Profile: [WindowsNoEditor]
[2020.07.29-08.03.32:422][  0]LogNetVersion: TheDotGame 1.0.0, NetCL: 10570792, EngineNetVer: 13, GameNetVer: 0 (Checksum: 3392591496)
[2020.07.29-08.03.32:487][  0]LogAudioCaptureCore: Display: No Audio Capture implementations found. Audio input will be silent.
[2020.07.29-08.03.32:487][  0]LogAudioCaptureCore: Display: No Audio Capture implementations found. Audio input will be silent.
[2020.07.29-08.03.32:568][  0]LogMoviePlayer: Initializing movie player
[2020.07.29-08.03.32:569][  0]LogAndroidPermission: UAndroidPermissionCallbackProxy::GetInstance
[2020.07.29-08.03.32:569][  0]LogOcInput: OculusInput pre-init called
[2020.07.29-08.03.32:576][  0]LogUObjectArray: 41352 objects as part of root set at end of initial load.
[2020.07.29-08.03.32:576][  0]LogUObjectArray: 2 objects are not in the root set, but can never be destroyed because they are in the DisregardForGC set.
[2020.07.29-08.03.32:576][  0]LogUObjectAllocator: 4554708 out of 0 bytes used by permanent object pool.
[2020.07.29-08.03.32:576][  0]LogUObjectArray: CloseDisregardForGC: 41352/41352 objects in disregard for GC pool
[2020.07.29-08.03.32:579][  0]LogEngine: Initializing Engine...
[2020.07.29-08.03.32:580][  0]LogHMD: Failed to initialize OpenVR with code 110
[2020.07.29-08.03.32:581][  0]LogStats: UGameplayTagsManager::InitializeManager -  0.000 s
[2020.07.29-08.03.32:696][  0]LogPakFile: Precache HighWater 16MB

[2020.07.29-08.03.32:696][  0]LogPakFile: Precache HighWater 32MB

[2020.07.29-08.03.32:696][  0]LogInit: Initializing FReadOnlyCVARCache
[2020.07.29-08.03.32:697][  0]LogAudioMixer: Display: Audio Mixer Platform Settings:
[2020.07.29-08.03.32:697][  0]LogAudioMixer: Display: 	Sample Rate:						  48000
[2020.07.29-08.03.32:697][  0]LogAudioMixer: Display: 	Callback Buffer Frame Size Requested: 1024
[2020.07.29-08.03.32:697][  0]LogAudioMixer: Display: 	Callback Buffer Frame Size To Use:	  1024
[2020.07.29-08.03.32:697][  0]LogAudioMixer: Display: 	Number of buffers to queue:			  2
[2020.07.29-08.03.32:697][  0]LogAudioMixer: Display: 	Max Channels (voices):				  32
[2020.07.29-08.03.32:697][  0]LogAudioMixer: Display: 	Number of Async Source Workers:		  0
[2020.07.29-08.03.32:697][  0]LogAudio: Display: AudioDevice MaxSources: 32
[2020.07.29-08.03.32:697][  0]LogAudio: Display: Using built-in audio occlusion.
[2020.07.29-08.03.32:697][  0]LogAudioMixer: Display: Initializing audio mixer.
[2020.07.29-08.03.32:717][  0]LogAudioDebug: Display: Lib vorbis DLL was dynamically loaded.
[2020.07.29-08.03.32:741][  0]LogAudioMixer: Display: Audio Device Output Speaker Info:
[2020.07.29-08.03.32:741][  0]LogAudioMixer: Display: Name: Speakers/Headphones (Realtek(R) Audio)
[2020.07.29-08.03.32:741][  0]LogAudioMixer: Display: Is Default: Yes
[2020.07.29-08.03.32:741][  0]LogAudioMixer: Display: Sample Rate: 48000
[2020.07.29-08.03.32:741][  0]LogAudioMixer: Display: Channel Count Used: 2
[2020.07.29-08.03.32:741][  0]LogAudioMixer: Display: Device Channel Count: 2
[2020.07.29-08.03.32:741][  0]LogAudioMixer: Display: Channel Order:
[2020.07.29-08.03.32:741][  0]LogAudioMixer: Display: 0: FrontLeft
[2020.07.29-08.03.32:741][  0]LogAudioMixer: Display: 1: FrontRight
[2020.07.29-08.03.32:848][  0]LogAudioMixer: Display: Using Audio Device Speakers/Headphones (Realtek(R) Audio)
[2020.07.29-08.03.32:851][  0]LogInit: FAudioDevice initialized.
[2020.07.29-08.03.32:852][  0]LogNetVersion: Set ProjectVersion to 1.0.0.0. Version Checksum will be recalculated on next use.
[2020.07.29-08.03.32:852][  0]LogInit: Texture streaming: Enabled
[2020.07.29-08.03.32:865][  0]LogSlate: Updating window title bar state: overlay mode, drag disabled, window buttons hidden, title bar hidden
[2020.07.29-08.03.32:865][  0]LogInit: Display: Game Engine Initialized.
[2020.07.29-08.03.32:866][  0]LogInit: Display: Starting Game.
[2020.07.29-08.03.32:866][  0]LogNet: Browse: /Game/Levels/MainMenu?Name=Player
[2020.07.29-08.03.32:866][  0]LogLoad: LoadMap: /Game/Levels/MainMenu?Name=Player
[2020.07.29-08.03.32:866][  0]LogWorld: BeginTearingDown for /Temp/Untitled_0
[2020.07.29-08.03.32:869][  0]LogWorld: UWorld::CleanupWorld for Untitled, bSessionEnded=true, bCleanupResources=true
[2020.07.29-08.03.32:869][  0]LogSlate: InvalidateAllWidgets triggered.  All widgets were invalidated
[2020.07.29-08.03.32:876][  0]LogAudioMixer: Display: No commands were queued while flushing the source manager.
[2020.07.29-08.03.32:878][  0]LogUObjectHash: Compacting FUObjectHashTables data took   2.48ms
[2020.07.29-08.03.32:889][  0]LogAIModule: Creating AISystem for world MainMenu
[2020.07.29-08.03.32:890][  0]LogLoad: Game class is 'GameModeBase'
[2020.07.29-08.03.32:891][  0]LogWorld: Bringing World /Game/Levels/MainMenu.MainMenu up for play (max tick rate 0) at 2020.07.29-10.03.32
[2020.07.29-08.03.32:891][  0]LogWorld: Bringing up level for play took: 0.000669
[2020.07.29-08.03.32:892][  0]LogGameMode: FindPlayerStart: PATHS NOT DEFINED or NO PLAYERSTART with positive rating
[2020.07.29-08.03.32:895][  0]LogUMG: Display: Widget Class WBP_Welcome_C - Loaded Fast Template.
[2020.07.29-08.03.32:896][  0]LogLoad: Took 0.029689 seconds to LoadMap(/Game/Levels/MainMenu)
[2020.07.29-08.03.32:898][  0]LogSlate: Took 0.000910 seconds to synchronously load lazily loaded font '../../../Engine/Content/EngineFonts/Faces/RobotoBold.ufont' (160K)
[2020.07.29-08.03.32:914][  0]LogLoad: (Engine Initialization) Total time: 2.22 seconds
[2020.07.29-08.03.33:011][  0]LogRenderer: Reallocating scene render targets to support 1536x864 Format 10 NumSamples 1 (Frame:1).
[2020.07.29-08.03.33:100][  0]LogContentStreaming: Texture pool size now 1000 MB
[2020.07.29-08.03.38:096][645]LogUMG: Display: Widget Class WBP_MainMenu_C - Loaded Fast Template.
[2020.07.29-08.03.40:213][937]LogUMG: Display: Widget Class WBP_Options_C - Loaded Fast Template.
[2020.07.29-08.03.42:071][195]LogNet: Browse: /Game/Levels/Game
[2020.07.29-08.03.42:071][195]LogLoad: LoadMap: /Game/Levels/Game
[2020.07.29-08.03.42:071][195]LogWorld: BeginTearingDown for /Game/Levels/MainMenu
[2020.07.29-08.03.42:072][195]LogWorld: UWorld::CleanupWorld for MainMenu, bSessionEnded=true, bCleanupResources=true
[2020.07.29-08.03.42:072][195]LogSlate: InvalidateAllWidgets triggered.  All widgets were invalidated
[2020.07.29-08.03.42:078][195]LogAudioMixer: Display: No commands were queued while flushing the source manager.
[2020.07.29-08.03.42:083][195]LogUObjectHash: Compacting FUObjectHashTables data took   2.48ms
[2020.07.29-08.03.42:087][195]LogStreaming: Display: Flushing async loaders.
[2020.07.29-08.03.42:095][195]LogAIModule: Creating AISystem for world Game
[2020.07.29-08.03.42:096][195]LogLoad: Game class is 'GameModeBase'
[2020.07.29-08.03.42:097][195]LogWorld: Bringing World /Game/Levels/Game.Game up for play (max tick rate 0) at 2020.07.29-10.03.42
[2020.07.29-08.03.42:098][195]LogWorld: Bringing up level for play took: 0.000722
[2020.07.29-08.03.42:098][195]LogGameMode: FindPlayerStart: PATHS NOT DEFINED or NO PLAYERSTART with positive rating
[2020.07.29-08.03.42:110][195]LogTemp: Warning: Mouse Options Set.
[2020.07.29-08.03.42:111][195]LogLoad: Took 0.038975 seconds to LoadMap(/Game/Levels/Game)
[2020.07.29-08.03.45:544][376]LogTemp: Warning: Score: 1
[2020.07.29-08.03.47:148][462]LogTemp: Warning: Score: 2
[2020.07.29-08.03.49:002][568]LogTemp: Warning: Score: 3
[2020.07.29-08.03.51:035][684]LogUMG: Display: Widget Class WBP_GameOver_C - Loaded Fast Template.
[2020.07.29-08.03.54:069][803]LogNet: Browse: /Game/Levels/GameOver
[2020.07.29-08.03.54:069][803]LogLoad: LoadMap: /Game/Levels/GameOver
[2020.07.29-08.03.54:069][803]LogWorld: BeginTearingDown for /Game/Levels/Game
[2020.07.29-08.03.54:075][803]LogWorld: UWorld::CleanupWorld for Game, bSessionEnded=true, bCleanupResources=true
[2020.07.29-08.03.54:076][803]LogSlate: InvalidateAllWidgets triggered.  All widgets were invalidated
[2020.07.29-08.03.54:083][803]LogAudioMixer: Display: No commands were queued while flushing the source manager.
[2020.07.29-08.03.54:133][803]LogUObjectHash: Compacting FUObjectHashTables data took   1.41ms
[2020.07.29-08.03.54:149][803]LogStreaming: Display: Flushing async loaders.
[2020.07.29-08.03.54:151][803]LogAIModule: Creating AISystem for world GameOver
[2020.07.29-08.03.54:152][803]LogLoad: Game class is 'GameModeBase'
[2020.07.29-08.03.54:153][803]LogWorld: Bringing World /Game/Levels/GameOver.GameOver up for play (max tick rate 0) at 2020.07.29-10.03.54
[2020.07.29-08.03.54:153][803]LogWorld: Bringing up level for play took: 0.000278
[2020.07.29-08.03.54:153][803]LogGameMode: FindPlayerStart: PATHS NOT DEFINED or NO PLAYERSTART with positive rating
[2020.07.29-08.03.54:154][803]LogUMG: Display: Widget Class WBP_PlayAgain_C - Loaded Fast Template.
[2020.07.29-08.03.54:154][803]LogLoad: Took 0.085351 seconds to LoadMap(/Game/Levels/GameOver)
[2020.07.29-08.03.59:124][488]LogNet: Browse: /Game/Levels/Game
[2020.07.29-08.03.59:124][488]LogLoad: LoadMap: /Game/Levels/Game
[2020.07.29-08.03.59:124][488]LogWorld: BeginTearingDown for /Game/Levels/GameOver
[2020.07.29-08.03.59:124][488]LogWorld: UWorld::CleanupWorld for GameOver, bSessionEnded=true, bCleanupResources=true
[2020.07.29-08.03.59:124][488]LogSlate: InvalidateAllWidgets triggered.  All widgets were invalidated
[2020.07.29-08.03.59:129][488]LogAudioMixer: Display: No commands were queued while flushing the source manager.
[2020.07.29-08.03.59:134][488]LogUObjectHash: Compacting FUObjectHashTables data took   1.15ms
[2020.07.29-08.03.59:137][488]LogStreaming: Display: Flushing async loaders.
[2020.07.29-08.03.59:148][488]LogAIModule: Creating AISystem for world Game
[2020.07.29-08.03.59:148][488]LogLoad: Game class is 'GameModeBase'
[2020.07.29-08.03.59:149][488]LogWorld: Bringing World /Game/Levels/Game.Game up for play (max tick rate 0) at 2020.07.29-10.03.59
[2020.07.29-08.03.59:149][488]LogWorld: Bringing up level for play took: 0.000518
[2020.07.29-08.03.59:150][488]LogGameMode: FindPlayerStart: PATHS NOT DEFINED or NO PLAYERSTART with positive rating
[2020.07.29-08.03.59:159][488]LogTemp: Warning: Mouse Options Set.
[2020.07.29-08.03.59:159][488]LogLoad: Took 0.036200 seconds to LoadMap(/Game/Levels/Game)
[2020.07.29-08.04.02:239][666]LogTemp: Warning: Score: 1
[2020.07.29-08.04.03:908][755]LogTemp: Warning: Score: 2
[2020.07.29-08.04.06:266][889]LogTemp: Warning: Score: 3
[2020.07.29-08.04.07:907][981]LogTemp: Warning: Score: 4
[2020.07.29-08.04.09:999][ 94]LogTemp: Warning: Score: 5
[2020.07.29-08.04.12:260][217]LogTemp: Warning: Score: 6
[2020.07.29-08.04.14:083][318]LogTemp: Warning: Score: 7
[2020.07.29-08.04.16:297][437]LogTemp: Warning: Score: 8
[2020.07.29-08.04.18:178][539]LogTemp: Warning: Score: 9
[2020.07.29-08.04.20:190][649]LogTemp: Warning: Score: 10
[2020.07.29-08.04.20:190][649]LogTemp: Warning: Max Score reached. You Won ! ! !
[2020.07.29-08.04.20:190][649]LogUMG: Display: Widget Class WBP_YouWon_C - Loaded Fast Template.
[2020.07.29-08.04.23:211][766]LogNet: Browse: /Game/Levels/GameOver
[2020.07.29-08.04.23:212][766]LogLoad: LoadMap: /Game/Levels/GameOver
[2020.07.29-08.04.23:212][766]LogWorld: BeginTearingDown for /Game/Levels/Game
[2020.07.29-08.04.23:216][766]LogWorld: UWorld::CleanupWorld for Game, bSessionEnded=true, bCleanupResources=true
[2020.07.29-08.04.23:217][766]LogSlate: InvalidateAllWidgets triggered.  All widgets were invalidated
[2020.07.29-08.04.23:225][766]LogAudioMixer: Display: No commands were queued while flushing the source manager.
[2020.07.29-08.04.23:274][766]LogUObjectHash: Compacting FUObjectHashTables data took   1.19ms
[2020.07.29-08.04.23:289][766]LogStreaming: Display: Flushing async loaders.
[2020.07.29-08.04.23:292][766]LogAIModule: Creating AISystem for world GameOver
[2020.07.29-08.04.23:292][766]LogLoad: Game class is 'GameModeBase'
[2020.07.29-08.04.23:294][766]LogWorld: Bringing World /Game/Levels/GameOver.GameOver up for play (max tick rate 0) at 2020.07.29-10.04.23
[2020.07.29-08.04.23:294][766]LogWorld: Bringing up level for play took: 0.000736
[2020.07.29-08.04.23:295][766]LogGameMode: FindPlayerStart: PATHS NOT DEFINED or NO PLAYERSTART with positive rating
[2020.07.29-08.04.23:295][766]LogUMG: Display: Widget Class WBP_PlayAgain_C - Loaded Fast Template.
[2020.07.29-08.04.23:296][766]LogLoad: Took 0.084440 seconds to LoadMap(/Game/Levels/GameOver)
[2020.07.29-08.04.25:033][  5]Closing by request
[2020.07.29-08.04.25:033][  5]LogWindows: FPlatformMisc::RequestExit(0)
[2020.07.29-08.04.25:033][  5]LogCore: Engine exit requested (reason: Win RequestExit)
[2020.07.29-08.04.25:041][  6]LogCore: Engine exit requested (reason: EngineExit() was called; note: exit was already requested)
[2020.07.29-08.04.25:042][  6]LogAudioMixer: Display: No commands were queued while flushing the source manager.
[2020.07.29-08.04.25:065][  6]LogInit: Display: PreExit Game.
[2020.07.29-08.04.25:085][  6]LogWorld: BeginTearingDown for /Game/Levels/GameOver
[2020.07.29-08.04.25:085][  6]LogWorld: UWorld::CleanupWorld for GameOver, bSessionEnded=true, bCleanupResources=true
[2020.07.29-08.04.25:085][  6]LogSlate: InvalidateAllWidgets triggered.  All widgets were invalidated
[2020.07.29-08.04.25:610][  6]LogSlate: Request Window 'Dot Game (32-bit Development PCD3D_SM5) ' being destroyed
[2020.07.29-08.04.25:617][  6]LogSlate: Window 'Dot Game (32-bit Development PCD3D_SM5) ' being destroyed
[2020.07.29-08.04.25:619][  6]LogWindowsTextInputMethodSystem: Display: IME system now deactivated.
[2020.07.29-08.04.25:649][  6]LogSlate: Slate User Destroyed.  User Index 0, Is Virtual User: 0
[2020.07.29-08.04.25:650][  6]LogExit: Preparing to exit.
[2020.07.29-08.04.25:650][  6]LogMoviePlayer: Shutting down movie player
[2020.07.29-08.04.25:658][  6]LogSlate: Updating window title bar state: overlay mode, drag disabled, window buttons hidden, title bar hidden
[2020.07.29-08.04.25:658][  6]LogDemo: Cleaned up 0 splitscreen connections with owner deletion
[2020.07.29-08.04.25:664][  6]LogExit: Game engine shut down
[2020.07.29-08.04.25:717][  6]LogExit: Object subsystem successfully closed.
[2020.07.29-08.04.25:723][  6]LogModuleManager: Shutting down and abandoning module AutomationController (226)
[2020.07.29-08.04.25:724][  6]LogModuleManager: Shutting down and abandoning module AutomationWorker (224)
[2020.07.29-08.04.25:724][  6]LogModuleManager: Shutting down and abandoning module Voice (222)
[2020.07.29-08.04.25:724][  6]LogModuleManager: Shutting down and abandoning module AIModule (220)
[2020.07.29-08.04.25:724][  6]LogModuleManager: Shutting down and abandoning module GameplayDebugger (219)
[2020.07.29-08.04.25:724][  6]LogModuleManager: Shutting down and abandoning module NavigationSystem (217)
[2020.07.29-08.04.25:724][  6]LogModuleManager: Shutting down and abandoning module OculusMR (214)
[2020.07.29-08.04.25:724][  6]LogModuleManager: Shutting down and abandoning module WmfMediaFactory (212)
[2020.07.29-08.04.25:724][  6]LogModuleManager: Shutting down and abandoning module OpenExrWrapper (210)
[2020.07.29-08.04.25:724][  6]LogModuleManager: Shutting down and abandoning module ImgMediaFactory (208)
[2020.07.29-08.04.25:724][  6]LogModuleManager: Shutting down and abandoning module AvfMediaFactory (206)
[2020.07.29-08.04.25:724][  6]LogModuleManager: Shutting down and abandoning module CharacterAI (204)
[2020.07.29-08.04.25:724][  6]LogModuleManager: Shutting down and abandoning module SessionServices (202)
[2020.07.29-08.04.25:724][  6]LogModuleManager: Shutting down and abandoning module LevelSequence (200)
[2020.07.29-08.04.25:724][  6]LogModuleManager: Shutting down and abandoning module MovieSceneTracks (198)
[2020.07.29-08.04.25:724][  6]LogModuleManager: Shutting down and abandoning module MovieScene (196)
[2020.07.29-08.04.25:724][  6]LogModuleManager: Shutting down and abandoning module StreamingPauseRendering (194)
[2020.07.29-08.04.25:724][  6]LogModuleManager: Shutting down and abandoning module AudioMixerXAudio2 (192)
[2020.07.29-08.04.25:724][  6]LogModuleManager: Shutting down and abandoning module ImageWriteQueue (190)
[2020.07.29-08.04.25:725][  6]LogModuleManager: Shutting down and abandoning module ProfilerService (188)
[2020.07.29-08.04.25:921][  6]LogModuleManager: Shutting down and abandoning module TaskGraph (186)
[2020.07.29-08.04.25:921][  6]LogModuleManager: Shutting down and abandoning module ProceduralMeshComponent (184)
[2020.07.29-08.04.25:921][  6]LogModuleManager: Shutting down and abandoning module OculusInput (182)
[2020.07.29-08.04.25:921][  6]LogModuleManager: Shutting down and abandoning module MobilePatchingUtils (180)
[2020.07.29-08.04.25:921][  6]LogModuleManager: Shutting down and abandoning module EditableMesh (178)
[2020.07.29-08.04.25:921][  6]LogModuleManager: Shutting down and abandoning module CustomMeshComponent (176)
[2020.07.29-08.04.25:921][  6]LogModuleManager: Shutting down and abandoning module CableComponent (174)
[2020.07.29-08.04.25:921][  6]LogModuleManager: Shutting down and abandoning module AudioCapture (172)
[2020.07.29-08.04.25:921][  6]LogModuleManager: Shutting down and abandoning module AudioCaptureRtAudio (171)
[2020.07.29-08.04.25:921][  6]LogModuleManager: Shutting down and abandoning module AssetTags (168)
[2020.07.29-08.04.25:921][  6]LogModuleManager: Shutting down and abandoning module ArchVisCharacter (166)
[2020.07.29-08.04.25:921][  6]LogModuleManager: Shutting down and abandoning module AppleImageUtils (164)
[2020.07.29-08.04.25:921][  6]LogModuleManager: Shutting down and abandoning module AndroidPermission (162)
[2020.07.29-08.04.25:921][  6]LogModuleManager: Shutting down and abandoning module MediaCompositing (160)
[2020.07.29-08.04.25:922][  6]LogModuleManager: Shutting down and abandoning module ImgMedia (158)
[2020.07.29-08.04.25:922][  6]LogModuleManager: Shutting down and abandoning module BackChannel (156)
[2020.07.29-08.04.25:922][  6]LogModuleManager: Shutting down and abandoning module AutomationUtils (154)
[2020.07.29-08.04.25:922][  6]LogModuleManager: Shutting down and abandoning module GeometryCacheTracks (152)
[2020.07.29-08.04.25:922][  6]LogModuleManager: Shutting down and abandoning module GeometryCache (150)
[2020.07.29-08.04.25:922][  6]LogModuleManager: Shutting down and abandoning module UObjectPlugin (148)
[2020.07.29-08.04.25:922][  6]LogModuleManager: Shutting down and abandoning module TheDotGame (146)
[2020.07.29-08.04.25:922][  6]LogModuleManager: Shutting down and abandoning module RuntimePhysXCooking (144)
[2020.07.29-08.04.25:922][  6]LogModuleManager: Shutting down and abandoning module LocationServicesBPLibrary (140)
[2020.07.29-08.04.25:922][  6]LogModuleManager: Shutting down and abandoning module ActorSequence (138)
[2020.07.29-08.04.25:922][  6]LogModuleManager: Shutting down and abandoning module UdpMessaging (136)
[2020.07.29-08.04.25:922][  6]LogModuleManager: Shutting down and abandoning module TcpMessaging (134)
[2020.07.29-08.04.25:922][  6]LogModuleManager: Shutting down and abandoning module FacialAnimation (132)
[2020.07.29-08.04.25:922][  6]LogModuleManager: Shutting down and abandoning module SignificanceManager (130)
[2020.07.29-08.04.25:922][  6]LogModuleManager: Shutting down and abandoning module AnimationSharing (128)
[2020.07.29-08.04.25:922][  6]LogModuleManager: Shutting down and abandoning module LightPropagationVolumeRuntime (126)
[2020.07.29-08.04.25:922][  6]LogModuleManager: Shutting down and abandoning module Paper2D (124)
[2020.07.29-08.04.25:922][  6]LogModuleManager: Shutting down and abandoning module WindowsMoviePlayer (122)
[2020.07.29-08.04.25:924][  6]LogModuleManager: Shutting down and abandoning module NetworkReplayStreaming (120)
[2020.07.29-08.04.25:924][  6]LogModuleManager: Shutting down and abandoning module PacketHandler (118)
[2020.07.29-08.04.25:924][  6]LogModuleManager: Shutting down and abandoning module ClothingSystemRuntimeNv (116)
[2020.07.29-08.04.25:924][  6]LogModuleManager: Shutting down and abandoning module MediaAssets (114)
[2020.07.29-08.04.25:924][  6]LogModuleManager: Shutting down and abandoning module Overlay (112)
[2020.07.29-08.04.25:924][  6]LogModuleManager: Shutting down and abandoning module FunctionalTesting (110)
[2020.07.29-08.04.25:925][  6]LogModuleManager: Shutting down and abandoning module MessageLog (108)
[2020.07.29-08.04.25:925][  6]LogModuleManager: Shutting down and abandoning module UMG (106)
[2020.07.29-08.04.25:925][  6]LogModuleManager: Shutting down and abandoning module SlateReflector (104)
[2020.07.29-08.04.25:925][  6]LogModuleManager: Shutting down and abandoning module Slate (102)
[2020.07.29-08.04.25:925][  6]LogModuleManager: Shutting down and abandoning module SlateCore (100)
[2020.07.29-08.04.25:925][  6]LogModuleManager: Shutting down and abandoning module MRMesh (98)
[2020.07.29-08.04.25:925][  6]LogModuleManager: Shutting down and abandoning module Messaging (96)
[2020.07.29-08.04.25:925][  6]LogModuleManager: Shutting down and abandoning module HeadMountedDisplay (94)
[2020.07.29-08.04.25:925][  6]LogModuleManager: Shutting down and abandoning module XAudio2 (92)
[2020.07.29-08.04.25:925][  6]LogModuleManager: Shutting down and abandoning module Networking (90)
[2020.07.29-08.04.25:925][  6]LogModuleManager: Shutting down and abandoning module Core (88)
[2020.07.29-08.04.25:925][  6]LogModuleManager: Shutting down and abandoning module ImageWrapper (84)
[2020.07.29-08.04.25:925][  6]LogModuleManager: Shutting down and abandoning module InputCore (82)
[2020.07.29-08.04.25:925][  6]LogModuleManager: Shutting down and abandoning module Settings (80)
[2020.07.29-08.04.25:925][  6]LogModuleManager: Shutting down and abandoning module PhysXCooking (78)
[2020.07.29-08.04.25:925][  6]LogModuleManager: Shutting down and abandoning module ChaosSolvers (76)
[2020.07.29-08.04.25:925][  6]LogModuleManager: Shutting down and abandoning module FieldSystemEngine (75)
[2020.07.29-08.04.25:925][  6]LogModuleManager: Shutting down and abandoning module Chaos (72)
[2020.07.29-08.04.25:925][  6]LogModuleManager: Shutting down and abandoning module WindowsPlatformFeatures (70)
[2020.07.29-08.04.25:926][  6]LogModuleManager: Shutting down and abandoning module GameplayMediaEncoder (69)
[2020.07.29-08.04.25:926][  6]LogModuleManager: Shutting down and abandoning module SteamVR (66)
[2020.07.29-08.04.25:926][  6]LogHMD: Freeing OpenVRDLLHandle.
[2020.07.29-08.04.25:926][  6]LogModuleManager: Shutting down and abandoning module OculusHMD (64)
[2020.07.29-08.04.25:926][  6]LogModuleManager: Shutting down and abandoning module ExampleDeviceProfileSelector (62)
[2020.07.29-08.04.25:926][  6]LogModuleManager: Shutting down and abandoning module LauncherChunkInstaller (60)
[2020.07.29-08.04.25:926][  6]LogModuleManager: Shutting down and abandoning module OnlineSubsystem (56)
[2020.07.29-08.04.25:926][  6]LogModuleManager: Shutting down and abandoning module HTTP (51)
[2020.07.29-08.04.25:935][  6]LogModuleManager: Shutting down and abandoning module SSL (50)
[2020.07.29-08.04.25:935][  6]LogModuleManager: Shutting down and abandoning module WmfMedia (46)
[2020.07.29-08.04.25:936][  6]LogModuleManager: Shutting down and abandoning module Media (45)
[2020.07.29-08.04.25:936][  6]LogModuleManager: Shutting down and abandoning module VariantManagerContent (42)
[2020.07.29-08.04.25:936][  6]LogModuleManager: Shutting down and abandoning module DatasmithContent (40)
[2020.07.29-08.04.25:936][  6]LogModuleManager: Shutting down and abandoning module AISupportModule (38)
[2020.07.29-08.04.25:936][  6]LogModuleManager: Shutting down and abandoning module PlatformCryptoOpenSSL (36)
[2020.07.29-08.04.25:936][  6]LogModuleManager: Shutting down and abandoning module PlatformCryptoTypes (34)
[2020.07.29-08.04.25:936][  6]LogModuleManager: Shutting down and abandoning module PlatformCrypto (32)
[2020.07.29-08.04.25:936][  6]LogModuleManager: Shutting down and abandoning module RenderCore (30)
[2020.07.29-08.04.25:936][  6]LogModuleManager: Shutting down and abandoning module Landscape (28)
[2020.07.29-08.04.25:936][  6]LogModuleManager: Shutting down and abandoning module SlateRHIRenderer (26)
[2020.07.29-08.04.25:937][  6]LogModuleManager: Shutting down and abandoning module OpenGLDrv (24)
[2020.07.29-08.04.25:937][  6]LogModuleManager: Shutting down and abandoning module D3D11RHI (22)
[2020.07.29-08.04.25:937][  6]LogModuleManager: Shutting down and abandoning module AnimGraphRuntime (20)
[2020.07.29-08.04.25:937][  6]LogModuleManager: Shutting down and abandoning module Renderer (18)
[2020.07.29-08.04.25:937][  6]LogModuleManager: Shutting down and abandoning module Engine (16)
[2020.07.29-08.04.25:937][  6]LogModuleManager: Shutting down and abandoning module CoreUObject (14)
[2020.07.29-08.04.25:937][  6]LogModuleManager: Shutting down and abandoning module NetworkFile (12)
[2020.07.29-08.04.25:937][  6]LogModuleManager: Shutting down and abandoning module CookedIterativeFile (10)
[2020.07.29-08.04.25:937][  6]LogModuleManager: Shutting down and abandoning module StreamingFile (8)
[2020.07.29-08.04.25:937][  6]LogModuleManager: Shutting down and abandoning module SandboxFile (6)
[2020.07.29-08.04.25:937][  6]LogModuleManager: Shutting down and abandoning module PakFile (4)
[2020.07.29-08.04.25:938][  6]LogModuleManager: Shutting down and abandoning module RSA (3)
[2020.07.29-08.04.25:939][  6]LogD3D11RHI: Shutdown
[2020.07.29-08.04.25:939][  6]LogD3D11RHI: CleanupD3DDevice
[2020.07.29-08.04.25:943][  6]LogExit: Exiting.
[2020.07.29-08.04.25:948][  6]Log file closed, 07/29/20 10:04:25
